0 info it worked if it ends with ok
1 verbose cli [ '/usr/bin/node', '/usr/bin/npm', 'install', '-g', 'elm-format' ]
2 info using npm@2.15.0
3 info using node@v0.10.44
4 verbose node symlink /usr/bin/node
5 verbose install initial load of /usr/lib/package.json
6 verbose readDependencies loading dependencies from /usr/lib/package.json
7 silly cache add args [ 'elm-format', null ]
8 verbose cache add spec elm-format
9 silly cache add parsed spec { raw: 'elm-format',
9 silly cache add   scope: null,
9 silly cache add   name: 'elm-format',
9 silly cache add   rawSpec: '',
9 silly cache add   spec: 'latest',
9 silly cache add   type: 'tag' }
10 silly addNamed elm-format@latest
11 verbose addNamed "latest" is being treated as a dist-tag for elm-format
12 info addNameTag [ 'elm-format', 'latest' ]
13 silly mapToRegistry name elm-format
14 silly mapToRegistry using default registry
15 silly mapToRegistry registry https://registry.npmjs.org/
16 silly mapToRegistry data { raw: 'elm-format',
16 silly mapToRegistry   scope: null,
16 silly mapToRegistry   name: 'elm-format',
16 silly mapToRegistry   rawSpec: '',
16 silly mapToRegistry   spec: 'latest',
16 silly mapToRegistry   type: 'tag' }
17 silly mapToRegistry uri https://registry.npmjs.org/elm-format
18 verbose addNameTag registry:https://registry.npmjs.org/elm-format not in flight; fetching
19 verbose request uri https://registry.npmjs.org/elm-format
20 verbose request no auth needed
21 info attempt registry request try #1 at 16:46:28
22 verbose request id 8cbeff317307837b
23 http request GET https://registry.npmjs.org/elm-format
24 http 404 https://registry.npmjs.org/elm-format
25 verbose headers { 'content-type': 'application/json',
25 verbose headers   'cache-control': 'max-age=0',
25 verbose headers   'content-length': '2',
25 verbose headers   'accept-ranges': 'bytes',
25 verbose headers   date: 'Fri, 29 Apr 2016 11:16:32 GMT',
25 verbose headers   via: '1.1 varnish',
25 verbose headers   age: '0',
25 verbose headers   connection: 'keep-alive',
25 verbose headers   'x-served-by': 'cache-lax1433-LAX',
25 verbose headers   'x-cache': 'MISS',
25 verbose headers   'x-cache-hits': '0',
25 verbose headers   'x-timer': 'S1461928592.122449,VS0,VE81',
25 verbose headers   vary: 'Accept-Encoding' }
26 silly get cb [ 404,
26 silly get   { 'content-type': 'application/json',
26 silly get     'cache-control': 'max-age=0',
26 silly get     'content-length': '2',
26 silly get     'accept-ranges': 'bytes',
26 silly get     date: 'Fri, 29 Apr 2016 11:16:32 GMT',
26 silly get     via: '1.1 varnish',
26 silly get     age: '0',
26 silly get     connection: 'keep-alive',
26 silly get     'x-served-by': 'cache-lax1433-LAX',
26 silly get     'x-cache': 'MISS',
26 silly get     'x-cache-hits': '0',
26 silly get     'x-timer': 'S1461928592.122449,VS0,VE81',
26 silly get     vary: 'Accept-Encoding' } ]
27 verbose stack Error: Registry returned 404 for GET on https://registry.npmjs.org/elm-format
27 verbose stack     at makeError (/usr/lib/node_modules/npm/node_modules/npm-registry-client/lib/request.js:264:12)
27 verbose stack     at CachingRegistryClient.<anonymous> (/usr/lib/node_modules/npm/node_modules/npm-registry-client/lib/request.js:242:14)
27 verbose stack     at Request._callback (/usr/lib/node_modules/npm/node_modules/npm-registry-client/lib/request.js:172:14)
27 verbose stack     at Request.self.callback (/usr/lib/node_modules/npm/node_modules/request/request.js:199:22)
27 verbose stack     at Request.emit (events.js:98:17)
27 verbose stack     at Request.<anonymous> (/usr/lib/node_modules/npm/node_modules/request/request.js:1036:10)
27 verbose stack     at Request.emit (events.js:117:20)
27 verbose stack     at IncomingMessage.<anonymous> (/usr/lib/node_modules/npm/node_modules/request/request.js:963:12)
27 verbose stack     at IncomingMessage.emit (events.js:117:20)
27 verbose stack     at _stream_readable.js:944:16
28 verbose statusCode 404
29 verbose pkgid elm-format
30 verbose cwd /home/ashokb/bingo
31 error Linux 3.8.11
32 error argv "/usr/bin/node" "/usr/bin/npm" "install" "-g" "elm-format"
33 error node v0.10.44
34 error npm  v2.15.0
35 error code E404
36 error 404 Registry returned 404 for GET on https://registry.npmjs.org/elm-format
36 error 404
36 error 404 'elm-format' is not in the npm registry.
36 error 404 You should bug the author to publish it (or use the name yourself!)
36 error 404
36 error 404 Note that you can also install from a
36 error 404 tarball, folder, http url, or git url.
37 verbose exit [ 1, true ]
